<?xml version="1.0" encoding="UTF-8"?>
<!-- Generated by org.testng.reporters.JUnitXMLReporter -->
<testsuite ignored="0" hostname="LAPTOP-A54UQEV7" failures="0" tests="8" name="Default test" time="92.893" errors="0" timestamp="2021-07-08T16:54:00 IST">
  <testcase classname="tests.googleSearch" name="InvalidSearchText" time="2.462"/>
  <testcase classname="tests.googleSearch" name="VerifyGooglepage" time="0.235"/>
  <testcase classname="tests.googleSearch" name="VerifyLinks" time="7.609"/>
  <testcase classname="tests.googleSearch" name="VerifyFeelingLuckyButton" time="4.465"/>
  <testcase classname="tests.googleSearch" name="VerifySearch" time="8.806"/>
  <testcase classname="tests.googleSearch" name="GmailSignIn" time="3.347"/>
  <testcase classname="tests.googleSearch" name="Languagelinks" time="3.319"/>
  <testcase classname="tests.googleSearch" name="LinkCount" time="0.035"/>
</testsuite> <!-- Default test -->
