<?xml version="1.0" encoding="UTF-8"?>
<testng-results ignored="0" total="8" passed="8" failed="0" skipped="0">
  <reporter-output>
  </reporter-output>
  <suite started-at="2021-07-08T16:52:27 IST" name="Default suite" finished-at="2021-07-08T16:54:00 IST" duration-ms="92893">
    <groups>
    </groups>
    <test started-at="2021-07-08T16:52:27 IST" name="Default test" finished-at="2021-07-08T16:54:00 IST" duration-ms="92893">
      <class name="tests.googleSearch">
        <test-method is-config="true" signature="beforeMethod()[pri:0, instance:tests.googleSearch@618425b5]" started-at="2021-07-08T16:52:27 IST" name="beforeMethod" finished-at="2021-07-08T16:52:35 IST" duration-ms="8333" status="PASS">
          <reporter-output>
          </reporter-output>
        </test-method> <!-- beforeMethod -->
        <test-method signature="InvalidSearchText()[pri:0, instance:tests.googleSearch@618425b5]" started-at="2021-07-08T16:52:35 IST" name="InvalidSearchText" finished-at="2021-07-08T16:52:38 IST" duration-ms="2462" status="PASS">
          <reporter-output>
          </reporter-output>
        </test-method> <!-- InvalidSearchText -->
        <test-method is-config="true" signature="afterMethod()[pri:0, instance:tests.googleSearch@618425b5]" started-at="2021-07-08T16:52:38 IST" name="afterMethod" finished-at="2021-07-08T16:52:39 IST" duration-ms="700" status="PASS">
          <reporter-output>
          </reporter-output>
        </test-method> <!-- afterMethod -->
        <test-method is-config="true" signature="beforeMethod()[pri:0, instance:tests.googleSearch@618425b5]" started-at="2021-07-08T16:52:39 IST" name="beforeMethod" finished-at="2021-07-08T16:52:44 IST" duration-ms="5525" status="PASS">
          <reporter-output>
          </reporter-output>
        </test-method> <!-- beforeMethod -->
        <test-method signature="VerifyGooglepage()[pri:0, instance:tests.googleSearch@618425b5]" started-at="2021-07-08T16:52:44 IST" name="VerifyGooglepage" finished-at="2021-07-08T16:52:44 IST" duration-ms="235" status="PASS">
          <reporter-output>
          </reporter-output>
        </test-method> <!-- VerifyGooglepage -->
        <test-method is-config="true" signature="afterMethod()[pri:0, instance:tests.googleSearch@618425b5]" started-at="2021-07-08T16:52:44 IST" name="afterMethod" finished-at="2021-07-08T16:52:49 IST" duration-ms="4186" status="PASS">
          <reporter-output>
          </reporter-output>
        </test-method> <!-- afterMethod -->
        <test-method is-config="true" signature="beforeMethod()[pri:0, instance:tests.googleSearch@618425b5]" started-at="2021-07-08T16:52:49 IST" name="beforeMethod" finished-at="2021-07-08T16:52:54 IST" duration-ms="4995" status="PASS">
          <reporter-output>
          </reporter-output>
        </test-method> <!-- beforeMethod -->
        <test-method signature="VerifyLinks()[pri:1, instance:tests.googleSearch@618425b5]" started-at="2021-07-08T16:52:54 IST" name="VerifyLinks" finished-at="2021-07-08T16:53:01 IST" duration-ms="7609" status="PASS">
          <reporter-output>
          </reporter-output>
        </test-method> <!-- VerifyLinks -->
        <test-method is-config="true" signature="afterMethod()[pri:0, instance:tests.googleSearch@618425b5]" started-at="2021-07-08T16:53:01 IST" name="afterMethod" finished-at="2021-07-08T16:53:02 IST" duration-ms="315" status="PASS">
          <reporter-output>
          </reporter-output>
        </test-method> <!-- afterMethod -->
        <test-method is-config="true" signature="beforeMethod()[pri:0, instance:tests.googleSearch@618425b5]" started-at="2021-07-08T16:53:02 IST" name="beforeMethod" finished-at="2021-07-08T16:53:06 IST" duration-ms="4939" status="PASS">
          <reporter-output>
          </reporter-output>
        </test-method> <!-- beforeMethod -->
        <test-method signature="VerifyFeelingLuckyButton()[pri:2, instance:tests.googleSearch@618425b5]" started-at="2021-07-08T16:53:06 IST" name="VerifyFeelingLuckyButton" finished-at="2021-07-08T16:53:11 IST" duration-ms="4465" status="PASS">
          <reporter-output>
          </reporter-output>
        </test-method> <!-- VerifyFeelingLuckyButton -->
        <test-method is-config="true" signature="afterMethod()[pri:0, instance:tests.googleSearch@618425b5]" started-at="2021-07-08T16:53:11 IST" name="afterMethod" finished-at="2021-07-08T16:53:11 IST" duration-ms="146" status="PASS">
          <reporter-output>
          </reporter-output>
        </test-method> <!-- afterMethod -->
        <test-method is-config="true" signature="beforeMethod()[pri:0, instance:tests.googleSearch@618425b5]" started-at="2021-07-08T16:53:11 IST" name="beforeMethod" finished-at="2021-07-08T16:53:16 IST" duration-ms="5350" status="PASS">
          <reporter-output>
          </reporter-output>
        </test-method> <!-- beforeMethod -->
        <test-method signature="VerifySearch()[pri:3, instance:tests.googleSearch@618425b5]" started-at="2021-07-08T16:53:16 IST" name="VerifySearch" finished-at="2021-07-08T16:53:25 IST" duration-ms="8806" status="PASS">
          <reporter-output>
          </reporter-output>
        </test-method> <!-- VerifySearch -->
        <test-method is-config="true" signature="afterMethod()[pri:0, instance:tests.googleSearch@618425b5]" started-at="2021-07-08T16:53:25 IST" name="afterMethod" finished-at="2021-07-08T16:53:26 IST" duration-ms="490" status="PASS">
          <reporter-output>
          </reporter-output>
        </test-method> <!-- afterMethod -->
        <test-method is-config="true" signature="beforeMethod()[pri:0, instance:tests.googleSearch@618425b5]" started-at="2021-07-08T16:53:26 IST" name="beforeMethod" finished-at="2021-07-08T16:53:32 IST" duration-ms="5810" status="PASS">
          <reporter-output>
          </reporter-output>
        </test-method> <!-- beforeMethod -->
        <test-method signature="GmailSignIn()[pri:5, instance:tests.googleSearch@618425b5]" started-at="2021-07-08T16:53:32 IST" name="GmailSignIn" finished-at="2021-07-08T16:53:35 IST" duration-ms="3347" status="PASS">
          <reporter-output>
          </reporter-output>
        </test-method> <!-- GmailSignIn -->
        <test-method is-config="true" signature="afterMethod()[pri:0, instance:tests.googleSearch@618425b5]" started-at="2021-07-08T16:53:35 IST" name="afterMethod" finished-at="2021-07-08T16:53:39 IST" duration-ms="4326" status="PASS">
          <reporter-output>
          </reporter-output>
        </test-method> <!-- afterMethod -->
        <test-method is-config="true" signature="beforeMethod()[pri:0, instance:tests.googleSearch@618425b5]" started-at="2021-07-08T16:53:39 IST" name="beforeMethod" finished-at="2021-07-08T16:53:46 IST" duration-ms="7082" status="PASS">
          <reporter-output>
          </reporter-output>
        </test-method> <!-- beforeMethod -->
        <test-method signature="Languagelinks()[pri:6, instance:tests.googleSearch@618425b5]" started-at="2021-07-08T16:53:46 IST" name="Languagelinks" finished-at="2021-07-08T16:53:50 IST" duration-ms="3319" status="PASS">
          <reporter-output>
          </reporter-output>
        </test-method> <!-- Languagelinks -->
        <test-method is-config="true" signature="afterMethod()[pri:0, instance:tests.googleSearch@618425b5]" started-at="2021-07-08T16:53:50 IST" name="afterMethod" finished-at="2021-07-08T16:53:54 IST" duration-ms="4096" status="PASS">
          <reporter-output>
          </reporter-output>
        </test-method> <!-- afterMethod -->
        <test-method is-config="true" signature="beforeMethod()[pri:0, instance:tests.googleSearch@618425b5]" started-at="2021-07-08T16:53:54 IST" name="beforeMethod" finished-at="2021-07-08T16:53:59 IST" duration-ms="5373" status="PASS">
          <reporter-output>
          </reporter-output>
        </test-method> <!-- beforeMethod -->
        <test-method signature="LinkCount()[pri:7, instance:tests.googleSearch@618425b5]" started-at="2021-07-08T16:53:59 IST" name="LinkCount" finished-at="2021-07-08T16:53:59 IST" duration-ms="35" status="PASS">
          <reporter-output>
          </reporter-output>
        </test-method> <!-- LinkCount -->
        <test-method is-config="true" signature="afterMethod()[pri:0, instance:tests.googleSearch@618425b5]" started-at="2021-07-08T16:53:59 IST" name="afterMethod" finished-at="2021-07-08T16:54:00 IST" duration-ms="883" status="PASS">
          <reporter-output>
          </reporter-output>
        </test-method> <!-- afterMethod -->
      </class> <!-- tests.googleSearch -->
    </test> <!-- Default test -->
  </suite> <!-- Default suite -->
</testng-results>
